kotlin version: 2.1.0
error message: org.jetbrains.kotlin.util.FileAnalysisException: While analysing C:/Users/ליאן/Documents/ShacharProjects/gitPorjects/chat-app/src/main/kotlin/com/example/server/UserManager.kt:8:9: java.io.FileNotFoundException: C:\Users\ליאן\Documents\ShacharProjects\gitPorjects\chat-app\build\classes\kotlin\main\com\example\models\User.class (The system cannot find the path specified)
	at org.jetbrains.kotlin.util.AnalysisExceptionsKt.wrapIntoFileAnalysisExceptionIfNeeded(AnalysisExceptions.kt:57)
	at org.jetbrains.kotlin.fir.FirCliExceptionHandler.handleExceptionOnFileAnalysis(Utils.kt:249)
	at org.jetbrains.kotlin.fir.resolve.transformers.body.resolve.FirDeclarationsResolveTransformer.transformFile(FirDeclarationsResolveTransformer.kt:1698)
	at org.jetbrains.kotlin.fir.resolve.transformers.body.resolve.FirAbstractBodyResolveTransformerDispatcher.transformFile(FirAbstractBodyResolveTransformerDispatcher.kt:57)
	at org.jetbrains.kotlin.fir.resolve.transformers.body.resolve.FirAbstractBodyResolveTransformerDispatcher.transformFile(FirAbstractBodyResolveTransformerDispatcher.kt:24)
	at org.jetbrains.kotlin.fir.declarations.FirFile.transform(FirFile.kt:46)
	at org.jetbrains.kotlin.fir.resolve.transformers.body.resolve.FirImplicitTypeBodyResolveTransformerAdapter.transformFile(FirImplicitBodyResolve.kt:72)
	at org.jetbrains.kotlin.fir.declarations.FirFile.transform(FirFile.kt:46)
	at org.jetbrains.kotlin.fir.resolve.transformers.FirTransformerBasedResolveProcessor.processFile(FirResolveProcessor.kt:48)
	at org.jetbrains.kotlin.fir.resolve.transformers.FirTotalResolveProcessor.process(FirTotalResolveProcessor.kt:36)
	at org.jetbrains.kotlin.fir.pipeline.AnalyseKt.runResolution(analyse.kt:24)
	at org.jetbrains.kotlin.fir.pipeline.FirUtilsKt.resolveAndCheckFir(firUtils.kt:76)
	at org.jetbrains.kotlin.fir.pipeline.FirUtilsKt.buildResolveAndCheckFirViaLightTree(firUtils.kt:88)
	at org.jetbrains.kotlin.cli.jvm.compiler.pipeline.JvmCompilerPipelineLightTreeKt.compileModuleToAnalyzedFirViaLightTreeIncrementally(jvmCompilerPipelineLightTree.kt:347)
	at org.jetbrains.kotlin.cli.jvm.compiler.pipeline.JvmCompilerPipelineLightTreeKt.compileModuleToAnalyzedFirViaLightTree(jvmCompilerPipelineLightTree.kt:272)
	at org.jetbrains.kotlin.cli.jvm.compiler.pipeline.JvmCompilerPipelineLightTreeKt.compileModule(jvmCompilerPipelineLightTree.kt:250)
	at org.jetbrains.kotlin.cli.jvm.compiler.pipeline.JvmCompilerPipelineLightTreeKt.compileSingleModuleUsingFrontendIrAndLightTree(jvmCompilerPipelineLightTree.kt:231)
	at org.jetbrains.kotlin.cli.jvm.compiler.pipeline.JvmCompilerPipelineLightTreeKt.compileModulesUsingFrontendIrAndLightTree(jvmCompilerPipelineLightTree.kt:86)
	at org.jetbrains.kotlin.cli.jvm.K2JVMCompiler.doExecute(K2JVMCompiler.kt:146)
	at org.jetbrains.kotlin.cli.jvm.K2JVMCompiler.doExecute(K2JVMCompiler.kt:43)
	at org.jetbrains.kotlin.cli.common.CLICompiler.execImpl(CLICompiler.kt:102)
	at org.jetbrains.kotlin.cli.common.CLICompiler.exec(CLICompiler.kt:316)
	at org.jetbrains.kotlin.incremental.IncrementalJvmCompilerRunner.runCompiler(IncrementalJvmCompilerRunner.kt:464)
	at org.jetbrains.kotlin.incremental.IncrementalJvmCompilerRunner.runCompiler(IncrementalJvmCompilerRunner.kt:73)
	at org.jetbrains.kotlin.incremental.IncrementalCompilerRunner.doCompile(IncrementalCompilerRunner.kt:506)
	at org.jetbrains.kotlin.incremental.IncrementalCompilerRunner.compileImpl(IncrementalCompilerRunner.kt:423)
	at org.jetbrains.kotlin.incremental.IncrementalCompilerRunner.tryCompileIncrementally$lambda$9$compile(IncrementalCompilerRunner.kt:249)
	at org.jetbrains.kotlin.incremental.IncrementalCompilerRunner.tryCompileIncrementally(IncrementalCompilerRunner.kt:267)
	at org.jetbrains.kotlin.incremental.IncrementalCompilerRunner.compile(IncrementalCompilerRunner.kt:120)
	at org.jetbrains.kotlin.daemon.CompileServiceImplBase.execIncrementalCompiler(CompileServiceImpl.kt:674)
	at org.jetbrains.kotlin.daemon.CompileServiceImplBase.access$execIncrementalCompiler(CompileServiceImpl.kt:91)
	at org.jetbrains.kotlin.daemon.CompileServiceImpl.compile(CompileServiceImpl.kt:1659)
	at java.base/jdk.internal.reflect.DirectMethodHandleAccessor.invoke(DirectMethodHandleAccessor.java:104)
	at java.base/java.lang.reflect.Method.invoke(Method.java:578)
	at java.rmi/sun.rmi.server.UnicastServerRef.dispatch(UnicastServerRef.java:360)
	at java.rmi/sun.rmi.transport.Transport$1.run(Transport.java:200)
	at java.rmi/sun.rmi.transport.Transport$1.run(Transport.java:197)
	at java.base/java.security.AccessController.doPrivileged(AccessController.java:714)
	at java.rmi/sun.rmi.transport.Transport.serviceCall(Transport.java:196)
	at java.rmi/sun.rmi.transport.tcp.TCPTransport.handleMessages(TCPTransport.java:598)
	at java.rmi/sun.rmi.transport.tcp.TCPTransport$ConnectionHandler.run0(TCPTransport.java:844)
	at java.rmi/sun.rmi.transport.tcp.TCPTransport$ConnectionHandler.lambda$run$0(TCPTransport.java:721)
	at java.base/java.security.AccessController.doPrivileged(AccessController.java:400)
	at java.rmi/sun.rmi.transport.tcp.TCPTransport$ConnectionHandler.run(TCPTransport.java:720)
	at java.base/java.util.concurrent.ThreadPoolExecutor.runWorker(ThreadPoolExecutor.java:1144)
	at java.base/java.util.concurrent.ThreadPoolExecutor$Worker.run(ThreadPoolExecutor.java:642)
	at java.base/java.lang.Thread.run(Thread.java:1623)
Caused by: java.io.FileNotFoundException: C:\Users\ליאן\Documents\ShacharProjects\gitPorjects\chat-app\build\classes\kotlin\main\com\example\models\User.class (The system cannot find the path specified)
	at java.base/java.io.FileInputStream.open0(Native Method)
	at java.base/java.io.FileInputStream.open(FileInputStream.java:219)
	at java.base/java.io.FileInputStream.<init>(FileInputStream.java:158)
	at org.jetbrains.kotlin.com.intellij.openapi.util.io.FileUtil.loadFileBytes(FileUtil.java:211)
	at org.jetbrains.kotlin.cli.common.localfs.KotlinLocalVirtualFile.contentsToByteArray(KotlinLocalVirtualFile.kt:103)
	at org.jetbrains.kotlin.cli.jvm.compiler.KotlinCliJavaFileManagerImpl.findClass(KotlinCliJavaFileManagerImpl.kt:141)
	at org.jetbrains.kotlin.resolve.jvm.KotlinJavaPsiFacade$CliFinder.findClass(KotlinJavaPsiFacade.java:538)
	at org.jetbrains.kotlin.resolve.jvm.KotlinJavaPsiFacade.findClass(KotlinJavaPsiFacade.java:181)
	at org.jetbrains.kotlin.load.java.JavaClassFinderImpl.findClass(JavaClassFinderImpl.kt:46)
	at org.jetbrains.kotlin.fir.java.FirJavaFacade.findClass(FirJavaFacade.kt:70)
	at org.jetbrains.kotlin.fir.java.deserialization.JvmClassFileBasedSymbolProvider.extractClassMetadata(JvmClassFileBasedSymbolProvider.kt:175)
	at org.jetbrains.kotlin.fir.deserialization.AbstractFirDeserializedSymbolProvider.findAndDeserializeClass(AbstractFirDeserializedSymbolProvider.kt:229)
	at org.jetbrains.kotlin.fir.deserialization.AbstractFirDeserializedSymbolProvider.classCache$lambda$5(AbstractFirDeserializedSymbolProvider.kt:163)
	at org.jetbrains.kotlin.fir.caches.FirThreadUnsafeCacheWithPostCompute.getValue(FirThreadUnsafeCachesFactory.kt:58)
	at org.jetbrains.kotlin.fir.deserialization.AbstractFirDeserializedSymbolProvider.getClass(AbstractFirDeserializedSymbolProvider.kt:315)
	at org.jetbrains.kotlin.fir.deserialization.AbstractFirDeserializedSymbolProvider.getClass$default(AbstractFirDeserializedSymbolProvider.kt:298)
	at org.jetbrains.kotlin.fir.deserialization.AbstractFirDeserializedSymbolProvider.getClassLikeSymbolByClassId(AbstractFirDeserializedSymbolProvider.kt:372)
	at org.jetbrains.kotlin.fir.resolve.providers.impl.FirCachingCompositeSymbolProvider.computeClass(FirCachingCompositeSymbolProvider.kt:147)
	at org.jetbrains.kotlin.fir.resolve.providers.impl.FirCachingCompositeSymbolProvider.access$computeClass(FirCachingCompositeSymbolProvider.kt:27)
	at org.jetbrains.kotlin.fir.resolve.providers.impl.FirCachingCompositeSymbolProvider$special$$inlined$createCache$1.invoke(FirCachesFactory.kt:73)
	at org.jetbrains.kotlin.fir.resolve.providers.impl.FirCachingCompositeSymbolProvider$special$$inlined$createCache$1.invoke(FirCachesFactory.kt:71)
	at org.jetbrains.kotlin.fir.caches.FirThreadUnsafeCache.getValue(FirThreadUnsafeCachesFactory.kt:40)
	at org.jetbrains.kotlin.fir.resolve.providers.impl.FirCachingCompositeSymbolProvider.getClassLikeSymbolByClassId(FirCachingCompositeSymbolProvider.kt:174)
	at org.jetbrains.kotlin.fir.scopes.impl.FirAbstractImportingScope.processClassifiersFromImportsByName(FirAbstractImportingScope.kt:61)
	at org.jetbrains.kotlin.fir.scopes.impl.FirAbstractSimpleImportingScope.processClassifiersByNameWithSubstitution(FirAbstractSimpleImportingScope.kt:30)
	at org.jetbrains.kotlin.fir.resolve.calls.ConstructorProcessingKt.getFirstClassifierOrNull(ConstructorProcessing.kt:112)
	at org.jetbrains.kotlin.fir.resolve.calls.ConstructorProcessingKt.processConstructorsByName(ConstructorProcessing.kt:47)
	at org.jetbrains.kotlin.fir.resolve.calls.ConstructorProcessingKt.processFunctionsAndConstructorsByName(ConstructorProcessing.kt:75)
	at org.jetbrains.kotlin.fir.resolve.calls.tower.ScopeTowerLevel.processFunctionsByName(TowerLevels.kt:496)
	at org.jetbrains.kotlin.fir.resolve.calls.tower.TowerLevelHandler.handleLevel(TowerLevelHandler.kt:61)
	at org.jetbrains.kotlin.fir.resolve.calls.tower.FirBaseTowerResolveTask.processLevel(FirTowerResolveTask.kt:207)
	at org.jetbrains.kotlin.fir.resolve.calls.tower.FirBaseTowerResolveTask.access$processLevel(FirTowerResolveTask.kt:64)
	at org.jetbrains.kotlin.fir.resolve.calls.tower.FirBaseTowerResolveTask$processLevel$3.invokeSuspend(FirTowerResolveTask.kt)
	at kotlin.coroutines.jvm.internal.BaseContinuationImpl.resumeWith(ContinuationImpl.kt:33)
	at org.jetbrains.kotlin.fir.resolve.calls.tower.TowerResolveManager.resumeTask(TowerResolveManager.kt:77)
	at org.jetbrains.kotlin.fir.resolve.calls.tower.TowerResolveManager.runTasks(TowerResolveManager.kt:83)
	at org.jetbrains.kotlin.fir.resolve.calls.tower.FirTowerResolver.runResolver(FirTowerResolver.kt:53)
	at org.jetbrains.kotlin.fir.resolve.calls.tower.FirTowerResolver.runResolver(FirTowerResolver.kt:40)
	at org.jetbrains.kotlin.fir.resolve.calls.FirCallResolver.collectCandidates(FirCallResolver.kt:211)
	at org.jetbrains.kotlin.fir.resolve.calls.FirCallResolver.collectCandidates$default(FirCallResolver.kt:176)
	at org.jetbrains.kotlin.fir.resolve.calls.FirCallResolver.resolveCallAndSelectCandidate(FirCallResolver.kt:82)
	at org.jetbrains.kotlin.fir.resolve.transformers.body.resolve.FirExpressionsResolveTransformer.transformFunctionCallInternal$resolve(FirExpressionsResolveTransformer.kt:519)
	at org.jetbrains.kotlin.fir.resolve.transformers.body.resolve.FirExpressionsResolveTransformer.transformFunctionCall(FirExpressionsResolveTransformer.kt:448)
	at org.jetbrains.kotlin.fir.resolve.transformers.body.resolve.FirAbstractBodyResolveTransformerDispatcher.transformFunctionCall(FirAbstractBodyResolveTransformerDispatcher.kt:164)
	at org.jetbrains.kotlin.fir.resolve.transformers.body.resolve.FirAbstractBodyResolveTransformerDispatcher.transformFunctionCall(FirAbstractBodyResolveTransformerDispatcher.kt:24)
	at org.jetbrains.kotlin.fir.expressions.FirFunctionCall.transform(FirFunctionCall.kt:45)
	at org.jetbrains.kotlin.fir.visitors.FirTransformerUtilKt.transformInplace(FirTransformerUtil.kt:20)
	at org.jetbrains.kotlin.fir.expressions.impl.FirArgumentListImpl.transformArguments(FirArgumentListImpl.kt:31)
	at org.jetbrains.kotlin.fir.expressions.impl.FirArgumentListImpl.transformChildren(FirArgumentListImpl.kt:26)
	at org.jetbrains.kotlin.fir.expressions.impl.FirArgumentListImpl.transformChildren(FirArgumentListImpl.kt:17)
	at org.jetbrains.kotlin.fir.resolve.transformers.body.resolve.FirAbstractBodyResolveTransformerDispatcher.transformElement(FirAbstractBodyResolveTransformerDispatcher.kt:80)
	at org.jetbrains.kotlin.fir.resolve.transformers.body.resolve.FirAbstractBodyResolveTransformerDispatcher.transformElement(FirAbstractBodyResolveTransformerDispatcher.kt:24)
	at org.jetbrains.kotlin.fir.visitors.FirTransformer.transformArgumentList(FirTransformer.kt:175)
	at org.jetbrains.kotlin.fir.expressions.FirArgumentList.transform(FirArgumentList.kt:29)
	at org.jetbrains.kotlin.fir.resolve.transformers.body.resolve.FirPartialBodyResolveTransformer.transformElement(FirPartialBodyResolveTransformer.kt:36)
	at org.jetbrains.kotlin.fir.resolve.transformers.body.resolve.FirPartialBodyResolveTransformer.transformElement(FirPartialBodyResolveTransformer.kt:13)
	at org.jetbrains.kotlin.fir.visitors.FirTransformer.transformArgumentList(FirTransformer.kt:175)
	at org.jetbrains.kotlin.fir.expressions.FirArgumentList.transform(FirArgumentList.kt:29)
	at org.jetbrains.kotlin.fir.resolve.transformers.body.resolve.FirExpressionsResolveTransformer.transformFunctionCallInternal$resolve(FirExpressionsResolveTransformer.kt:511)
	at org.jetbrains.kotlin.fir.resolve.transformers.body.resolve.FirExpressionsResolveTransformer.transformFunctionCall(FirExpressionsResolveTransformer.kt:448)
	at org.jetbrains.kotlin.fir.resolve.transformers.body.resolve.FirAbstractBodyResolveTransformerDispatcher.transformFunctionCall(FirAbstractBodyResolveTransformerDispatcher.kt:164)
	at org.jetbrains.kotlin.fir.resolve.transformers.body.resolve.FirAbstractBodyResolveTransformerDispatcher.transformFunctionCall(FirAbstractBodyResolveTransformerDispatcher.kt:24)
	at org.jetbrains.kotlin.fir.expressions.FirFunctionCall.transform(FirFunctionCall.kt:45)
	at org.jetbrains.kotlin.fir.declarations.impl.FirPropertyImpl.transformInitializer(FirPropertyImpl.kt:117)
	at org.jetbrains.kotlin.fir.declarations.impl.FirPropertyImpl.transformInitializer(FirPropertyImpl.kt:33)
	at org.jetbrains.kotlin.fir.resolve.transformers.body.resolve.FirDeclarationsResolveTransformer.transformProperty(FirDeclarationsResolveTransformer.kt:169)
	at org.jetbrains.kotlin.fir.resolve.transformers.body.resolve.FirAbstractBodyResolveTransformerDispatcher.transformProperty(FirAbstractBodyResolveTransformerDispatcher.kt:467)
	at org.jetbrains.kotlin.fir.resolve.transformers.body.resolve.FirImplicitAwareBodyResolveTransformer.transformProperty$lambda$1(FirImplicitBodyResolve.kt:161)
	at org.jetbrains.kotlin.fir.resolve.transformers.body.resolve.ImplicitBodyResolveComputationSession.executeTransformation(FirImplicitBodyResolve.kt:408)
	at org.jetbrains.kotlin.fir.resolve.transformers.body.resolve.ImplicitBodyResolveComputationSession.compute$resolve(FirImplicitBodyResolve.kt:413)
	at org.jetbrains.kotlin.fir.resolve.transformers.body.resolve.FirImplicitAwareBodyResolveTransformer.computeCachedTransformationResult(FirImplicitBodyResolve.kt:188)
	at org.jetbrains.kotlin.fir.resolve.transformers.body.resolve.FirImplicitAwareBodyResolveTransformer.transformProperty(FirImplicitBodyResolve.kt:160)
	at org.jetbrains.kotlin.fir.resolve.transformers.body.resolve.FirImplicitAwareBodyResolveTransformer.transformProperty(FirImplicitBodyResolve.kt:117)
	at org.jetbrains.kotlin.fir.declarations.FirProperty.transform(FirProperty.kt:62)
	at org.jetbrains.kotlin.fir.visitors.FirTransformerUtilKt.transformInplace(FirTransformerUtil.kt:20)
	at org.jetbrains.kotlin.fir.declarations.impl.FirRegularClassImpl.transformDeclarations(FirRegularClassImpl.kt:91)
	at org.jetbrains.kotlin.fir.declarations.impl.FirRegularClassImpl.transformDeclarations(FirRegularClassImpl.kt:30)
	at org.jetbrains.kotlin.fir.resolve.transformers.body.resolve.FirImplicitAwareBodyResolveTransformer.transformDeclarationContent(FirImplicitBodyResolve.kt:145)
	at org.jetbrains.kotlin.fir.resolve.transformers.body.resolve.FirDeclarationsResolveTransformer.transformDeclarationContent(FirDeclarationsResolveTransformer.kt:78)
	at org.jetbrains.kotlin.fir.resolve.transformers.body.resolve.FirDeclarationsResolveTransformer.doTransformRegularClass$lambda$53(FirDeclarationsResolveTransformer.kt:838)
	at org.jetbrains.kotlin.fir.resolve.transformers.body.resolve.FirDeclarationsResolveTransformer.withRegularClass$lambda$54(FirDeclarationsResolveTransformer.kt:847)
	at org.jetbrains.kotlin.fir.resolve.transformers.body.resolve.BodyResolveContext.withRegularClass$lambda$16$lambda$15(BodyResolveContext.kt:1566)
	at org.jetbrains.kotlin.fir.resolve.transformers.body.resolve.BodyResolveContext.withScopesForClass(BodyResolveContext.kt:540)
	at org.jetbrains.kotlin.fir.resolve.transformers.body.resolve.BodyResolveContext.withRegularClass(BodyResolveContext.kt:438)
	at org.jetbrains.kotlin.fir.resolve.transformers.body.resolve.FirDeclarationsResolveTransformer.withRegularClass(FirDeclarationsResolveTransformer.kt:846)
	at org.jetbrains.kotlin.fir.resolve.transformers.body.resolve.FirDeclarationsResolveTransformer.doTransformRegularClass(FirDeclarationsResolveTransformer.kt:837)
	at org.jetbrains.kotlin.fir.resolve.transformers.body.resolve.FirDeclarationsResolveTransformer.transformRegularClass(FirDeclarationsResolveTransformer.kt:758)
	at org.jetbrains.kotlin.fir.resolve.transformers.body.resolve.FirAbstractBodyResolveTransformerDispatcher.transformRegularClass(FirAbstractBodyResolveTransformerDispatcher.kt:503)
	at org.jetbrains.kotlin.fir.resolve.transformers.body.resolve.FirAbstractBodyResolveTransformerDispatcher.transformRegularClass(FirAbstractBodyResolveTransformerDispatcher.kt:24)
	at org.jetbrains.kotlin.fir.declarations.FirRegularClass.transform(FirRegularClass.kt:52)
	at org.jetbrains.kotlin.fir.visitors.FirTransformerUtilKt.transformInplace(FirTransformerUtil.kt:20)
	at org.jetbrains.kotlin.fir.declarations.impl.FirFileImpl.transformDeclarations(FirFileImpl.kt:80)
	at org.jetbrains.kotlin.fir.declarations.impl.FirFileImpl.transformChildren(FirFileImpl.kt:65)
	at org.jetbrains.kotlin.fir.declarations.impl.FirFileImpl.transformChildren(FirFileImpl.kt:29)
	at org.jetbrains.kotlin.fir.resolve.transformers.body.resolve.FirAbstractBodyResolveTransformerDispatcher.transformElement(FirAbstractBodyResolveTransformerDispatcher.kt:80)
	at org.jetbrains.kotlin.fir.resolve.transformers.body.resolve.FirAbstractBodyResolveTransformerDispatcher.transformDeclarationContent(FirAbstractBodyResolveTransformerDispatcher.kt:431)
	at org.jetbrains.kotlin.fir.resolve.transformers.body.resolve.FirImplicitAwareBodyResolveTransformer.transformDeclarationContent(FirImplicitBodyResolve.kt:147)
	at org.jetbrains.kotlin.fir.resolve.transformers.body.resolve.FirDeclarationsResolveTransformer.transformDeclarationContent(FirDeclarationsResolveTransformer.kt:78)
	at org.jetbrains.kotlin.fir.resolve.transformers.body.resolve.FirDeclarationsResolveTransformer.doTransformFile$lambda$51(FirDeclarationsResolveTransformer.kt:810)
	at org.jetbrains.kotlin.fir.resolve.transformers.body.resolve.FirDeclarationsResolveTransformer.withFile(FirDeclarationsResolveTransformer.kt:823)
	at org.jetbrains.kotlin.fir.resolve.transformers.body.resolve.FirDeclarationsResolveTransformer.doTransformFile(FirDeclarationsResolveTransformer.kt:809)
	at org.jetbrains.kotlin.fir.resolve.transformers.body.resolve.FirDeclarationsResolveTransformer.transformFile(FirDeclarationsResolveTransformer.kt:736)
	... 44 more


error message: Daemon compilation failed: null
java.lang.Exception
	at org.jetbrains.kotlin.daemon.common.CompileService$CallResult$Error.get(CompileService.kt:69)
	at org.jetbrains.kotlin.daemon.common.CompileService$CallResult$Error.get(CompileService.kt:65)
	at org.jetbrains.kotlin.compilerRunner.GradleKotlinCompilerWork.compileWithDaemon(GradleKotlinCompilerWork.kt:240)
	at org.jetbrains.kotlin.compilerRunner.GradleKotlinCompilerWork.compileWithDaemonOrFallbackImpl(GradleKotlinCompilerWork.kt:159)
	at org.jetbrains.kotlin.compilerRunner.GradleKotlinCompilerWork.run(GradleKotlinCompilerWork.kt:111)
	at org.jetbrains.kotlin.compilerRunner.GradleCompilerRunnerWithWorkers$GradleKotlinCompilerWorkAction.execute(GradleCompilerRunnerWithWorkers.kt:76)
	at org.gradle.workers.internal.DefaultWorkerServer.execute(DefaultWorkerServer.java:63)
	at org.gradle.workers.internal.NoIsolationWorkerFactory$1$1.create(NoIsolationWorkerFactory.java:66)
	at org.gradle.workers.internal.NoIsolationWorkerFactory$1$1.create(NoIsolationWorkerFactory.java:62)
	at org.gradle.internal.classloader.ClassLoaderUtils.executeInClassloader(ClassLoaderUtils.java:100)
	at org.gradle.workers.internal.NoIsolationWorkerFactory$1.lambda$execute$0(NoIsolationWorkerFactory.java:62)
	at org.gradle.workers.internal.AbstractWorker$1.call(AbstractWorker.java:44)
	at org.gradle.workers.internal.AbstractWorker$1.call(AbstractWorker.java:41)
	at org.gradle.internal.operations.DefaultBuildOperationRunner$CallableBuildOperationWorker.execute(DefaultBuildOperationRunner.java:204)
	at org.gradle.internal.operations.DefaultBuildOperationRunner$CallableBuildOperationWorker.execute(DefaultBuildOperationRunner.java:199)
	at org.gradle.internal.operations.DefaultBuildOperationRunner$2.execute(DefaultBuildOperationRunner.java:66)
	at org.gradle.internal.operations.DefaultBuildOperationRunner$2.execute(DefaultBuildOperationRunner.java:59)
	at org.gradle.internal.operations.DefaultBuildOperationRunner.execute(DefaultBuildOperationRunner.java:157)
	at org.gradle.internal.operations.DefaultBuildOperationRunner.execute(DefaultBuildOperationRunner.java:59)
	at org.gradle.internal.operations.DefaultBuildOperationRunner.call(DefaultBuildOperationRunner.java:53)
	at org.gradle.internal.operations.DefaultBuildOperationExecutor.call(DefaultBuildOperationExecutor.java:78)
	at org.gradle.workers.internal.AbstractWorker.executeWrappedInBuildOperation(AbstractWorker.java:41)
	at org.gradle.workers.internal.NoIsolationWorkerFactory$1.execute(NoIsolationWorkerFactory.java:59)
	at org.gradle.workers.internal.DefaultWorkerExecutor.lambda$submitWork$0(DefaultWorkerExecutor.java:170)
	at java.base/java.util.concurrent.FutureTask.run(FutureTask.java:317)
	at org.gradle.internal.work.DefaultConditionalExecutionQueue$ExecutionRunner.runExecution(DefaultConditionalExecutionQueue.java:187)
	at org.gradle.internal.work.DefaultConditionalExecutionQueue$ExecutionRunner.access$700(DefaultConditionalExecutionQueue.java:120)
	at org.gradle.internal.work.DefaultConditionalExecutionQueue$ExecutionRunner$1.run(DefaultConditionalExecutionQueue.java:162)
	at org.gradle.internal.Factories$1.create(Factories.java:31)
	at org.gradle.internal.work.DefaultWorkerLeaseService.withLocks(DefaultWorkerLeaseService.java:264)
	at org.gradle.internal.work.DefaultWorkerLeaseService.runAsWorkerThread(DefaultWorkerLeaseService.java:128)
	at org.gradle.internal.work.DefaultWorkerLeaseService.runAsWorkerThread(DefaultWorkerLeaseService.java:133)
	at org.gradle.internal.work.DefaultConditionalExecutionQueue$ExecutionRunner.runBatch(DefaultConditionalExecutionQueue.java:157)
	at org.gradle.internal.work.DefaultConditionalExecutionQueue$ExecutionRunner.run(DefaultConditionalExecutionQueue.java:126)
	at java.base/java.util.concurrent.Executors$RunnableAdapter.call(Executors.java:577)
	at java.base/java.util.concurrent.FutureTask.run(FutureTask.java:317)
	at org.gradle.internal.concurrent.ExecutorPolicy$CatchAndRecordFailures.onExecute(ExecutorPolicy.java:64)
	at org.gradle.internal.concurrent.AbstractManagedExecutor$1.run(AbstractManagedExecutor.java:47)
	at java.base/java.util.concurrent.ThreadPoolExecutor.runWorker(ThreadPoolExecutor.java:1144)
	at java.base/java.util.concurrent.ThreadPoolExecutor$Worker.run(ThreadPoolExecutor.java:642)
	at java.base/java.lang.Thread.run(Thread.java:1623)
Caused by: java.nio.file.NoSuchFileException: C:\Users\CF10~1\AppData\Local\Temp\kotlin-backups1508829561923123192\21.backup -> C:\Users\ליאן\Documents\ShacharProjects\gitPorjects\chat-app\build\classes\kotlin\main\com\example\models\ServerResponse$Error$$serializer.class
	at java.base/sun.nio.fs.WindowsException.translateToIOException(WindowsException.java:85)
	at java.base/sun.nio.fs.WindowsException.rethrowAsIOException(WindowsException.java:103)
	at java.base/sun.nio.fs.WindowsFileCopy.move(WindowsFileCopy.java:414)
	at java.base/sun.nio.fs.WindowsFileSystemProvider.move(WindowsFileSystemProvider.java:291)
	at java.base/java.nio.file.Files.move(Files.java:1429)
	at org.jetbrains.kotlin.incremental.RecoverableCompilationTransaction.revertChanges(CompilationTransaction.kt:231)
	at org.jetbrains.kotlin.incremental.RecoverableCompilationTransaction.close(CompilationTransaction.kt:256)
	at org.jetbrains.kotlin.incremental.IncrementalCompilerRunner.tryCompileIncrementally(IncrementalCompilerRunner.kt:747)
	at org.jetbrains.kotlin.incremental.IncrementalCompilerRunner.compile(IncrementalCompilerRunner.kt:120)
	at org.jetbrains.kotlin.daemon.CompileServiceImplBase.execIncrementalCompiler(CompileServiceImpl.kt:674)
	at org.jetbrains.kotlin.daemon.CompileServiceImplBase.access$execIncrementalCompiler(CompileServiceImpl.kt:91)
	at org.jetbrains.kotlin.daemon.CompileServiceImpl.compile(CompileServiceImpl.kt:1659)
	at java.base/jdk.internal.reflect.DirectMethodHandleAccessor.invoke(DirectMethodHandleAccessor.java:104)
	at java.base/java.lang.reflect.Method.invoke(Method.java:578)
	at java.rmi/sun.rmi.server.UnicastServerRef.dispatch(UnicastServerRef.java:360)
	at java.rmi/sun.rmi.transport.Transport$1.run(Transport.java:200)
	at java.rmi/sun.rmi.transport.Transport$1.run(Transport.java:197)
	at java.base/java.security.AccessController.doPrivileged(AccessController.java:714)
	at java.rmi/sun.rmi.transport.Transport.serviceCall(Transport.java:196)
	at java.rmi/sun.rmi.transport.tcp.TCPTransport.handleMessages(TCPTransport.java:598)
	at java.rmi/sun.rmi.transport.tcp.TCPTransport$ConnectionHandler.run0(TCPTransport.java:844)
	at java.rmi/sun.rmi.transport.tcp.TCPTransport$ConnectionHandler.lambda$run$0(TCPTransport.java:721)
	at java.base/java.security.AccessController.doPrivileged(AccessController.java:400)
	at java.rmi/sun.rmi.transport.tcp.TCPTransport$ConnectionHandler.run(TCPTransport.java:720)
	... 3 more


